0 info it worked if it ends with ok
1 verbose cli [ 'C:\\Program Files\\nodejs\\node.exe',
1 verbose cli   'C:\\Program Files\\nodejs\\node_modules\\npm\\bin\\npm-cli.js',
1 verbose cli   'start' ]
2 info using npm@3.10.10
3 info using node@v6.9.5
4 verbose run-script [ 'prestart', 'start', 'poststart' ]
5 info lifecycle nodejs-api-masterclass@1.0.0~prestart: nodejs-api-masterclass@1.0.0
6 silly lifecycle nodejs-api-masterclass@1.0.0~prestart: no script for prestart, continuing
7 info lifecycle nodejs-api-masterclass@1.0.0~start: nodejs-api-masterclass@1.0.0
8 verbose lifecycle nodejs-api-masterclass@1.0.0~start: unsafe-perm in lifecycle true
9 verbose lifecycle nodejs-api-masterclass@1.0.0~start: PATH: C:\Program Files\nodejs\node_modules\npm\bin\node-gyp-bin;C:\Users\Rodrigo\Documents\NodeJS API Masterclass\node_modules\.bin;C:\Users\Rodrigo\Documents\bin;C:\Users\Rodrigo\Documents\vendor\bin;C:\Users\Rodrigo\Documents\vendor\conemu-maximus5\ConEmu\Scripts;C:\Users\Rodrigo\Documents\vendor\conemu-maximus5;C:\Users\Rodrigo\Documents\vendor\conemu-maximus5\ConEmu;C:\Program Files (x86)\Common Files\Oracle\Java\javapath;C:\Program Files (x86)\Common Files\Intel\Shared Files\cpp\bin\Intel64;C:\ProgramData\Oracle\Java\javapath;C:\Program Files (x86)\Intel\iCLS Client\;C:\Program Files\Intel\iCLS Client\;C:\WINDOWS\system32;C:\WINDOWS;C:\WINDOWS\System32\Wbem;C:\WINDOWS\System32\WindowsPowerShell\v1.0\;C:\Program Files (x86)\Intel\Intel(R) Management Engine Components\DAL;C:\Program Files\Intel\Intel(R) Management Engine Components\DAL;C:\Program Files (x86)\Intel\Intel(R) Management Engine Components\IPT;C:\Program Files\Intel\Intel(R) Management Engine Components\IPT;C:\Program Files (x86)\NVIDIA Corporation\PhysX\Common;C:\WINDOWS\system32;C:\WINDOWS;C:\WINDOWS\System32\Wbem;C:\WINDOWS\System32\WindowsPowerShell\v1.0\;C:\WINDOWS\System32\OpenSSH\;C:\Program Files\TortoiseGit\bin;C:\Program Files\nodejs\;C:\Users\Rodrigo\AppData\Local\Microsoft\WindowsApps;C:\Program Files\MongoDB\Server\3.4\bin;C:\Users\Rodrigo\AppData\Roaming\npm;C:\Program Files\heroku\bin;C:\Users\Rodrigo\AppData\Local\Programs\Microsoft VS Code\bin;C:\Users\Rodrigo\Documents\vendor\git-for-windows\cmd;C:\Users\Rodrigo\Documents\vendor\git-for-windows\mingw64\bin;C:\Users\Rodrigo\Documents\vendor\git-for-windows\usr\bin;C:\Users\Rodrigo\Documents
10 verbose lifecycle nodejs-api-masterclass@1.0.0~start: CWD: C:\Users\Rodrigo\Documents\NodeJS API Masterclass
11 silly lifecycle nodejs-api-masterclass@1.0.0~start: Args: [ '/d /s /c', 'nodemon server.js' ]
12 silly lifecycle nodejs-api-masterclass@1.0.0~start: Returned: code: 1  signal: null
13 info lifecycle nodejs-api-masterclass@1.0.0~start: Failed to exec start script
14 verbose stack Error: nodejs-api-masterclass@1.0.0 start: `nodemon server.js`
14 verbose stack Exit status 1
14 verbose stack     at EventEmitter.<anonymous> (C:\Program Files\nodejs\node_modules\npm\lib\utils\lifecycle.js:255:16)
14 verbose stack     at emitTwo (events.js:106:13)
14 verbose stack     at EventEmitter.emit (events.js:191:7)
14 verbose stack     at ChildProcess.<anonymous> (C:\Program Files\nodejs\node_modules\npm\lib\utils\spawn.js:40:14)
14 verbose stack     at emitTwo (events.js:106:13)
14 verbose stack     at ChildProcess.emit (events.js:191:7)
14 verbose stack     at maybeClose (internal/child_process.js:877:16)
14 verbose stack     at Process.ChildProcess._handle.onexit (internal/child_process.js:226:5)
15 verbose pkgid nodejs-api-masterclass@1.0.0
16 verbose cwd C:\Users\Rodrigo\Documents\NodeJS API Masterclass
17 error Windows_NT 10.0.18362
18 error argv "C:\\Program Files\\nodejs\\node.exe" "C:\\Program Files\\nodejs\\node_modules\\npm\\bin\\npm-cli.js" "start"
19 error node v6.9.5
20 error npm  v3.10.10
21 error code ELIFECYCLE
22 error nodejs-api-masterclass@1.0.0 start: `nodemon server.js`
22 error Exit status 1
23 error Failed at the nodejs-api-masterclass@1.0.0 start script 'nodemon server.js'.
23 error Make sure you have the latest version of node.js and npm installed.
23 error If you do, this is most likely a problem with the nodejs-api-masterclass package,
23 error not with npm itself.
23 error Tell the author that this fails on your system:
23 error     nodemon server.js
23 error You can get information on how to open an issue for this project with:
23 error     npm bugs nodejs-api-masterclass
23 error Or if that isn't available, you can get their info via:
23 error     npm owner ls nodejs-api-masterclass
23 error There is likely additional logging output above.
24 verbose exit [ 1, true ]
